  pch.cpp
  MyCombatantAttributeSet.cpp
C:\Program Files\Microsoft Visual Studio\2022\Enterprise\VC\Tools\MSVC\14.44.35207\include\utility(274,54): warning C4244: 'initializing': conversion from '_Ty' to '_Ty2', possible loss of data
C:\Program Files\Microsoft Visual Studio\2022\Enterprise\VC\Tools\MSVC\14.44.35207\include\utility(274,54): warning C4244:         with
C:\Program Files\Microsoft Visual Studio\2022\Enterprise\VC\Tools\MSVC\14.44.35207\include\utility(274,54): warning C4244:         [
C:\Program Files\Microsoft Visual Studio\2022\Enterprise\VC\Tools\MSVC\14.44.35207\include\utility(274,54): warning C4244:             _Ty=int
C:\Program Files\Microsoft Visual Studio\2022\Enterprise\VC\Tools\MSVC\14.44.35207\include\utility(274,54): warning C4244:         ]
C:\Program Files\Microsoft Visual Studio\2022\Enterprise\VC\Tools\MSVC\14.44.35207\include\utility(274,54): warning C4244:         and
C:\Program Files\Microsoft Visual Studio\2022\Enterprise\VC\Tools\MSVC\14.44.35207\include\utility(274,54): warning C4244:         [
C:\Program Files\Microsoft Visual Studio\2022\Enterprise\VC\Tools\MSVC\14.44.35207\include\utility(274,54): warning C4244:             _Ty2=float
C:\Program Files\Microsoft Visual Studio\2022\Enterprise\VC\Tools\MSVC\14.44.35207\include\utility(274,54): warning C4244:         ]
  (compiling source file '/MyCombatantAttributeSet.cpp')
      C:\Program Files\Microsoft Visual Studio\2022\Enterprise\VC\Tools\MSVC\14.44.35207\include\utility(274,54):
      the template instantiation context (the oldest one first) is
          C:\Users\Byron\Documents\GitHub\i_love_vampires\StandaloneC++\StandaloneC++\CombatantAttributeList.h(28,2):
          see reference to function template instantiation 'std::pair<const CombatantAttributeEnum,float>::pair<CombatantAttributeEnum,int,0>(_Other1 &&,_Other2 &&) noexcept' being compiled
          with
          [
              _Other1=CombatantAttributeEnum,
              _Other2=int
          ]
              C:\Users\Byron\Documents\GitHub\i_love_vampires\StandaloneC++\StandaloneC++\CombatantAttributeList.h(27,81):
              see the first reference to 'std::pair<const CombatantAttributeEnum,float>::pair' in 'void __cdecl `dynamic initializer for 'COMBATANT_DEFINITIONS''(void)'
  
  StatusEffect.cpp
C:\Program Files\Microsoft Visual Studio\2022\Enterprise\VC\Tools\MSVC\14.44.35207\include\utility(274,54): warning C4244: 'initializing': conversion from '_Ty' to '_Ty2', possible loss of data
C:\Program Files\Microsoft Visual Studio\2022\Enterprise\VC\Tools\MSVC\14.44.35207\include\utility(274,54): warning C4244:         with
C:\Program Files\Microsoft Visual Studio\2022\Enterprise\VC\Tools\MSVC\14.44.35207\include\utility(274,54): warning C4244:         [
C:\Program Files\Microsoft Visual Studio\2022\Enterprise\VC\Tools\MSVC\14.44.35207\include\utility(274,54): warning C4244:             _Ty=int
C:\Program Files\Microsoft Visual Studio\2022\Enterprise\VC\Tools\MSVC\14.44.35207\include\utility(274,54): warning C4244:         ]
C:\Program Files\Microsoft Visual Studio\2022\Enterprise\VC\Tools\MSVC\14.44.35207\include\utility(274,54): warning C4244:         and
C:\Program Files\Microsoft Visual Studio\2022\Enterprise\VC\Tools\MSVC\14.44.35207\include\utility(274,54): warning C4244:         [
C:\Program Files\Microsoft Visual Studio\2022\Enterprise\VC\Tools\MSVC\14.44.35207\include\utility(274,54): warning C4244:             _Ty2=float
C:\Program Files\Microsoft Visual Studio\2022\Enterprise\VC\Tools\MSVC\14.44.35207\include\utility(274,54): warning C4244:         ]
  (compiling source file '/StatusEffect.cpp')
      C:\Program Files\Microsoft Visual Studio\2022\Enterprise\VC\Tools\MSVC\14.44.35207\include\utility(274,54):
      the template instantiation context (the oldest one first) is
          C:\Users\Byron\Documents\GitHub\i_love_vampires\StandaloneC++\StandaloneC++\CombatantAttributeList.h(28,2):
          see reference to function template instantiation 'std::pair<const CombatantAttributeEnum,float>::pair<CombatantAttributeEnum,int,0>(_Other1 &&,_Other2 &&) noexcept' being compiled
          with
          [
              _Other1=CombatantAttributeEnum,
              _Other2=int
          ]
              C:\Users\Byron\Documents\GitHub\i_love_vampires\StandaloneC++\StandaloneC++\CombatantAttributeList.h(27,81):
              see the first reference to 'std::pair<const CombatantAttributeEnum,float>::pair' in 'void __cdecl `dynamic initializer for 'COMBATANT_DEFINITIONS''(void)'
  
  StandaloneC++.cpp
  StatusEffect_Bleed.cpp
C:\Program Files\Microsoft Visual Studio\2022\Enterprise\VC\Tools\MSVC\14.44.35207\include\utility(274,54): warning C4244: 'initializing': conversion from '_Ty' to '_Ty2', possible loss of data
C:\Program Files\Microsoft Visual Studio\2022\Enterprise\VC\Tools\MSVC\14.44.35207\include\utility(274,54): warning C4244:         with
C:\Program Files\Microsoft Visual Studio\2022\Enterprise\VC\Tools\MSVC\14.44.35207\include\utility(274,54): warning C4244:         [
C:\Program Files\Microsoft Visual Studio\2022\Enterprise\VC\Tools\MSVC\14.44.35207\include\utility(274,54): warning C4244:             _Ty=int
C:\Program Files\Microsoft Visual Studio\2022\Enterprise\VC\Tools\MSVC\14.44.35207\include\utility(274,54): warning C4244:         ]
C:\Program Files\Microsoft Visual Studio\2022\Enterprise\VC\Tools\MSVC\14.44.35207\include\utility(274,54): warning C4244:         and
C:\Program Files\Microsoft Visual Studio\2022\Enterprise\VC\Tools\MSVC\14.44.35207\include\utility(274,54): warning C4244:         [
C:\Program Files\Microsoft Visual Studio\2022\Enterprise\VC\Tools\MSVC\14.44.35207\include\utility(274,54): warning C4244:             _Ty2=float
C:\Program Files\Microsoft Visual Studio\2022\Enterprise\VC\Tools\MSVC\14.44.35207\include\utility(274,54): warning C4244:         ]
  (compiling source file '/StatusEffect_Bleed.cpp')
      C:\Program Files\Microsoft Visual Studio\2022\Enterprise\VC\Tools\MSVC\14.44.35207\include\utility(274,54):
      the template instantiation context (the oldest one first) is
          C:\Users\Byron\Documents\GitHub\i_love_vampires\StandaloneC++\StandaloneC++\CombatantAttributeList.h(28,2):
          see reference to function template instantiation 'std::pair<const CombatantAttributeEnum,float>::pair<CombatantAttributeEnum,int,0>(_Other1 &&,_Other2 &&) noexcept' being compiled
          with
          [
              _Other1=CombatantAttributeEnum,
              _Other2=int
          ]
              C:\Users\Byron\Documents\GitHub\i_love_vampires\StandaloneC++\StandaloneC++\CombatantAttributeList.h(27,81):
              see the first reference to 'std::pair<const CombatantAttributeEnum,float>::pair' in 'void __cdecl `dynamic initializer for 'COMBATANT_DEFINITIONS''(void)'
  
  StatusEffect_Burn.cpp
C:\Program Files\Microsoft Visual Studio\2022\Enterprise\VC\Tools\MSVC\14.44.35207\include\utility(274,54): warning C4244: 'initializing': conversion from '_Ty' to '_Ty2', possible loss of data
C:\Program Files\Microsoft Visual Studio\2022\Enterprise\VC\Tools\MSVC\14.44.35207\include\utility(274,54): warning C4244:         with
C:\Program Files\Microsoft Visual Studio\2022\Enterprise\VC\Tools\MSVC\14.44.35207\include\utility(274,54): warning C4244:         [
C:\Program Files\Microsoft Visual Studio\2022\Enterprise\VC\Tools\MSVC\14.44.35207\include\utility(274,54): warning C4244:             _Ty=int
C:\Program Files\Microsoft Visual Studio\2022\Enterprise\VC\Tools\MSVC\14.44.35207\include\utility(274,54): warning C4244:         ]
C:\Program Files\Microsoft Visual Studio\2022\Enterprise\VC\Tools\MSVC\14.44.35207\include\utility(274,54): warning C4244:         and
C:\Program Files\Microsoft Visual Studio\2022\Enterprise\VC\Tools\MSVC\14.44.35207\include\utility(274,54): warning C4244:         [
C:\Program Files\Microsoft Visual Studio\2022\Enterprise\VC\Tools\MSVC\14.44.35207\include\utility(274,54): warning C4244:             _Ty2=float
C:\Program Files\Microsoft Visual Studio\2022\Enterprise\VC\Tools\MSVC\14.44.35207\include\utility(274,54): warning C4244:         ]
  (compiling source file '/StatusEffect_Burn.cpp')
      C:\Program Files\Microsoft Visual Studio\2022\Enterprise\VC\Tools\MSVC\14.44.35207\include\utility(274,54):
      the template instantiation context (the oldest one first) is
          C:\Users\Byron\Documents\GitHub\i_love_vampires\StandaloneC++\StandaloneC++\CombatantAttributeList.h(28,2):
          see reference to function template instantiation 'std::pair<const CombatantAttributeEnum,float>::pair<CombatantAttributeEnum,int,0>(_Other1 &&,_Other2 &&) noexcept' being compiled
          with
          [
              _Other1=CombatantAttributeEnum,
              _Other2=int
          ]
              C:\Users\Byron\Documents\GitHub\i_love_vampires\StandaloneC++\StandaloneC++\CombatantAttributeList.h(27,81):
              see the first reference to 'std::pair<const CombatantAttributeEnum,float>::pair' in 'void __cdecl `dynamic initializer for 'COMBATANT_DEFINITIONS''(void)'
  
  Generating Code...
  StandaloneC++.vcxproj -> C:\Users\Byron\Documents\GitHub\i_love_vampires\StandaloneC++\StandaloneC++\x64\Debug\StandaloneC++.lib
