Log started at 04/27/2026 12:16:12 (2026-04-27T17:16:12Z)
Resolved project argument C:/Users/phyrn/GitHub/i_love_vampires/i_love_vampires_2/i_love_vampires_2.uproject to C:\Users\phyrn\GitHub\i_love_vampires\i_love_vampires_2\i_love_vampires_2.uproject
No config file at C:\ProgramData\Unreal Engine\UnrealBuildTool\BuildConfiguration.xml
No config file at C:\Users\phyrn\AppData\Local\Unreal Engine\UnrealBuildTool\BuildConfiguration.xml
No config file at C:\Users\phyrn\OneDrive\Documents\Unreal Engine\UnrealBuildTool\BuildConfiguration.xml
Configuration will be read from:
  C:\Users\phyrn\AppData\Roaming\Unreal Engine\UnrealBuildTool\BuildConfiguration.xml
Reading configuration file from cache (C:\Users\phyrn\GitHub\i_love_vampires\i_love_vampires_2\Intermediate\Build\XmlConfigCache.bin): C:\Users\phyrn\AppData\Roaming\Unreal Engine\UnrealBuildTool\BuildConfiguration.xml
Reading configuration file from cache (C:\Users\phyrn\GitHub\i_love_vampires\i_love_vampires_2\Intermediate\Build\XmlConfigCache.bin): C:\Users\phyrn\GitHub\i_love_vampires\i_love_vampires_2\Saved\UnrealBuildTool\BuildConfiguration.xml
Reading configuration file from cache (C:\Users\phyrn\GitHub\i_love_vampires\i_love_vampires_2\Intermediate\Build\XmlConfigCache.bin): C:\Users\phyrn\AppData\Local\UnrealEngine\Intermediate\Build\UnrealBuildTool.Env.BuildConfiguration.xml
Log file: C:\Users\phyrn\GitHub\i_love_vampires\i_love_vampires_2\Saved\Logs\UnrealVersionSelector-2026.04.27-12.16.12.log

Setting temp directory to 'C:\Users\phyrn\AppData\Local\Temp\UnrealBuildTool\9de8e132'
    Registering build platform: UnrealBuildTool.AndroidPlatformFactory
    Registering build platform: UnrealBuildTool.IOSPlatformFactory
    Registering build platform: UnrealBuildTool.LinuxPlatformFactory
    Registering build platform: UnrealBuildTool.MacPlatformFactory
    Registering build platform: UnrealBuildTool.TVOSPlatformFactory
    Registering build platform: UnrealBuildTool.WindowsPlatformFactory
Unable to find valid SDK(s) for Win64:
  Found Sdk Version, MinRequired=10.0.19041.0, MaxRequired=10.9.99999.0.
  Found AutoSdk Version, Required=10.0.22621.0.
        Registering build platform: Win64 - buildable: False
    Registering build platform: UnrealBuildTool.VisionOSPlatformFactory
Resolved project argument C:/Users/phyrn/GitHub/i_love_vampires/i_love_vampires_2/i_love_vampires_2.uproject to C:\Users\phyrn\GitHub\i_love_vampires\i_love_vampires_2\i_love_vampires_2.uproject
Reading configuration file from cache (C:\Users\phyrn\GitHub\i_love_vampires\i_love_vampires_2\Intermediate\Build\XmlConfigCache.bin): C:\Users\phyrn\AppData\Roaming\Unreal Engine\UnrealBuildTool\BuildConfiguration.xml
Reading configuration file from cache (C:\Users\phyrn\GitHub\i_love_vampires\i_love_vampires_2\Intermediate\Build\XmlConfigCache.bin): C:\Users\phyrn\GitHub\i_love_vampires\i_love_vampires_2\Saved\UnrealBuildTool\BuildConfiguration.xml
Reading configuration file from cache (C:\Users\phyrn\GitHub\i_love_vampires\i_love_vampires_2\Intermediate\Build\XmlConfigCache.bin): C:\Users\phyrn\AppData\Local\UnrealEngine\Intermediate\Build\UnrealBuildTool.Env.BuildConfiguration.xml
Registering project generator UnrealBuildTool.AndroidProjectGenerator for Android
Skipping project file generator registration for Android due to no valid BuildPlatform.
Registering project generator UnrealBuildTool.IOSProjectGenerator for IOS
Skipping project file generator registration for IOS due to no valid BuildPlatform.
Registering project generator UnrealBuildTool.LinuxProjectGenerator for Linux
Skipping project file generator registration for Linux due to no valid BuildPlatform.
Registering project generator UnrealBuildTool.LinuxProjectGenerator for LinuxArm64
Skipping project file generator registration for LinuxArm64 due to no valid BuildPlatform.
Registering project generator UnrealBuildTool.MacProjectGenerator for Mac
Skipping project file generator registration for Mac due to no valid BuildPlatform.
Registering project generator UnrealBuildTool.TVOSProjectGenerator for TVOS
Skipping project file generator registration for TVOS due to no valid BuildPlatform.
Registering project generator UnrealBuildTool.WindowsProjectGenerator for Win64
Registering project generator UnrealBuildTool.VisionOSProjectGenerator for VisionOS
Skipping project file generator registration for VisionOS due to no valid BuildPlatform.

---   SDK INFO START   ---

Some Platforms were skipped due to invalid SDK setup: Win64.
See the log file for detailed information

---   SDK INFO END   ---


Generating VisualStudio project files:
Discovering modules, targets and source code for project...
Unable to enumerate Visual Studio installations
Detected supported platforms: Win64
Adding projects for all targets...
Skipping C:\Program Files\Epic Games\UE_5.7\Engine\Intermediate\Build\BuildRules\UE5Rules.dll: File is installed
Skipping C:\Program Files\Epic Games\UE_5.7\Engine\Intermediate\Build\BuildRules\UE5ProgramRules.dll: File is installed
Adding projects for all targets took 0.21s
Visual Studio 2022 x64 must be installed in order to build this target.
BuildException: Visual Studio 2022 x64 must be installed in order to build this target.
   at UnrealBuildBase.Parallel2.ForEach[TSource](IEnumerable`1 source, Action`1 body, Int32 helperCount, Boolean useTasks)
   at UnrealBuildTool.ProjectFileGenerator.AddProjectsForAllTargets(PlatformProjectGeneratorCollection PlatformProjectGenerators, List`1 AllGames, List`1 AllTargetFiles, String[] Arguments, List`1 EngineProjects, List`1 GameProjects, Dictionary`2 ProjectFileToUProjectFile, Dictionary`2 ProgramProjects, Dictionary`2 RulesAssemblies, ILogger Logger)
   at UnrealBuildTool.ProjectFileGenerator.GenerateProjectFiles(PlatformProjectGeneratorCollection PlatformProjectGenerators, String[] Arguments, ILogger Logger)
   at UnrealBuildTool.GenerateProjectFilesMode.ExecuteAsync(CommandLineArguments Arguments, ILogger Logger)
   at UnrealBuildTool.UnrealBuildTool.Main(String[] ArgumentsArray)
WriteFileIfChanged() wrote 0 changed files of 4 requested writes.

Result: Failed (OtherCompilationError)
Total execution time: 0.68 seconds
